[2014-09-15 08:42:56] START
[2014-09-15 08:43:37] CREATE akey.db.py: 0
[2014-09-15 08:46:38] DELETE indep_ajax/models/akey.db.py: 0
[2014-09-15 08:46:55] CREATE akey.py: 0
[2014-09-15 08:53:37] EDIT indep_ajax/models/db.py: 4
[2014-09-15 08:56:07] EDIT indep_ajax/models/db.py: 0
[2014-09-15 08:56:58] EDIT indep_ajax/models/akey.py: 4
[2014-09-15 08:57:42] EDIT indep_ajax/controllers/default.py: -6
[2014-09-15 08:58:22] EDIT indep_ajax/models/db.py: 1
[2014-09-15 08:59:13] EDIT indep_ajax/models/db.py: 0
[2014-09-15 09:01:15] CREATE akey.py: 0
[2014-09-15 09:01:31] EDIT indep_ajax/modules/akey.py: 4
[2014-09-15 09:49:46] EDIT indep_ajax/controllers/default.py: 0
[2014-09-15 09:50:08] EDIT indep_ajax/controllers/default.py: 0
[2014-09-15 09:52:50] EDIT indep_ajax/views/default/index.html: -26
[2014-09-15 11:07:39] CREATE db2.py: 0
[2014-09-15 11:21:02] EDIT indep_ajax/models/db2.py: 9
[2014-09-15 11:22:59] EDIT indep_ajax/models/db2.py: 0
[2014-09-15 11:28:51] EDIT indep_ajax/controllers/default.py: 2
[2014-09-15 11:30:33] CREATE default/get_members.html: 0
[2014-09-15 11:31:33] EDIT indep_ajax/controllers/default.py: 1
[2014-09-15 11:39:24] EDIT indep_ajax/controllers/default.py: 0
[2014-09-15 11:42:58] EDIT indep_ajax/controllers/default.py: 0
[2014-09-15 11:44:23] EDIT indep_ajax/controllers/default.py: 0
[2014-09-15 11:50:36] EDIT indep_ajax/views/default/get_members.html: 0
[2014-09-15 11:52:25] EDIT indep_ajax/views/default/get_members.html: 0
[2014-09-15 11:53:18] EDIT indep_ajax/controllers/default.py: 0
[2014-09-15 11:57:11] EDIT indep_ajax/controllers/default.py: 0
[2014-09-15 11:58:07] EDIT indep_ajax/controllers/default.py: 0
[2014-09-15 11:58:31] EDIT indep_ajax/controllers/default.py: 0
[2014-09-15 12:01:08] EDIT indep_ajax/controllers/default.py: 0
[2014-09-15 12:01:57] EDIT indep_ajax/controllers/default.py: 0
[2014-09-15 12:03:25] EDIT indep_ajax/controllers/default.py: 0
[2014-09-15 12:33:19] EDIT indep_ajax/controllers/default.py: 0
[2014-09-15 12:33:36] EDIT indep_ajax/controllers/default.py: 0
[2014-09-15 12:33:58] EDIT indep_ajax/controllers/default.py: 0
[2014-09-15 12:34:25] EDIT indep_ajax/controllers/default.py: 0
[2014-09-15 12:34:43] EDIT indep_ajax/controllers/default.py: 0
[2014-09-15 12:36:41] EDIT indep_ajax/models/db2.py: 1
[2014-09-15 13:29:53] CREATE default/show_ajax.html: 0
[2014-09-15 13:30:34] EDIT indep_ajax/views/default/show_ajax.html: 2
[2014-09-15 13:30:51] EDIT indep_ajax/controllers/default.py: 0
[2014-09-15 13:32:04] EDIT indep_ajax/controllers/default.py: 4
[2014-09-15 13:34:26] EDIT indep_ajax/views/default/show_ajax.html: 1
[2014-09-15 13:35:43] EDIT indep_ajax/views/default/show_ajax.html: 0
[2014-09-15 13:36:07] EDIT indep_ajax/controllers/default.py: 0
[2014-09-15 13:39:58] EDIT indep_ajax/controllers/default.py: 0
[2014-09-15 13:41:10] EDIT indep_ajax/views/default/show_ajax.html: 0
[2014-09-15 13:54:29] EDIT indep_ajax/views/default/show_ajax.html: 8
[2014-09-15 14:02:57] EDIT indep_ajax/controllers/default.py: 9
[2014-09-15 14:04:51] EDIT indep_ajax/controllers/default.py: 0
[2014-09-15 14:05:55] EDIT indep_ajax/controllers/default.py: 0
[2014-09-15 14:07:10] EDIT indep_ajax/controllers/default.py: 0
[2014-09-15 14:07:30] EDIT indep_ajax/controllers/default.py: 0
[2014-09-15 14:07:48] EDIT indep_ajax/controllers/default.py: 0
[2014-09-15 14:09:40] EDIT indep_ajax/controllers/default.py: 0
[2014-09-15 14:09:58] EDIT indep_ajax/controllers/default.py: 0
[2014-09-15 14:10:36] EDIT indep_ajax/controllers/default.py: 0
[2014-09-15 14:14:19] EDIT indep_ajax/views/layout.html: -5
[2014-09-15 14:17:35] EDIT indep_ajax/controllers/default.py: 0
[2014-09-15 14:18:37] EDIT indep_ajax/controllers/default.py: 0
[2014-09-16 09:39:04] EDIT indep_ajax/controllers/default.py: 0
[2014-09-16 09:46:48] EDIT indep_ajax/views/default/show_ajax.html: 2
[2014-09-16 09:54:07] EDIT indep_ajax/views/default/show_ajax.html: 0
[2014-09-16 09:55:59] EDIT indep_ajax/views/default/show_ajax.html: 4
[2014-09-16 09:59:31] EDIT indep_ajax/controllers/default.py: 0
[2014-09-16 10:22:10] EDIT indep_ajax/controllers/default.py: 2
[2014-09-16 10:23:26] EDIT indep_ajax/controllers/default.py: 0
[2014-09-16 10:25:47] EDIT indep_ajax/controllers/default.py: 3
[2014-09-16 10:30:58] EDIT indep_ajax/controllers/default.py: 3
[2014-09-16 10:31:55] EDIT indep_ajax/controllers/default.py: 0
[2014-09-16 10:33:04] EDIT indep_ajax/controllers/default.py: 0
[2014-09-16 10:33:40] EDIT indep_ajax/controllers/default.py: 0
[2014-09-16 10:34:59] EDIT indep_ajax/controllers/default.py: 0
[2014-09-16 10:36:08] EDIT indep_ajax/controllers/default.py: 0
[2014-09-16 10:53:35] EDIT indep_ajax/controllers/default.py: 0
[2014-09-16 11:18:39] EDIT indep_ajax/controllers/default.py: 0
[2014-09-16 11:20:15] EDIT indep_ajax/controllers/default.py: 0
[2014-09-16 11:20:58] EDIT indep_ajax/controllers/default.py: 0
[2014-09-16 11:21:29] EDIT indep_ajax/controllers/default.py: 0
[2014-09-16 11:23:24] EDIT indep_ajax/controllers/default.py: 0
[2014-09-16 11:24:01] EDIT indep_ajax/controllers/default.py: 0
[2014-09-16 11:24:35] EDIT indep_ajax/controllers/default.py: 0
[2014-09-16 11:24:43] EDIT indep_ajax/controllers/default.py: 0
[2014-09-16 11:25:47] EDIT indep_ajax/controllers/default.py: 0
[2014-09-16 11:26:21] EDIT indep_ajax/controllers/default.py: 0
[2014-09-16 11:26:37] EDIT indep_ajax/controllers/default.py: 0
[2014-09-16 11:26:49] EDIT indep_ajax/controllers/default.py: 0
[2014-09-16 11:27:24] EDIT indep_ajax/controllers/default.py: 0
[2014-09-16 11:28:04] EDIT indep_ajax/controllers/default.py: 0
[2014-09-16 11:28:30] EDIT indep_ajax/controllers/default.py: 0
[2014-09-16 11:29:39] EDIT indep_ajax/controllers/default.py: 0
[2014-09-16 11:30:49] EDIT indep_ajax/controllers/default.py: 0
[2014-09-16 11:31:16] EDIT indep_ajax/controllers/default.py: 0
[2014-09-16 11:31:55] EDIT indep_ajax/controllers/default.py: 0
[2014-09-16 11:33:03] EDIT indep_ajax/controllers/default.py: 0
[2014-09-16 11:33:37] EDIT indep_ajax/controllers/default.py: 0
[2014-09-16 11:34:03] EDIT indep_ajax/controllers/default.py: 0
[2014-09-16 11:35:50] EDIT indep_ajax/controllers/default.py: 0
[2014-09-16 11:36:17] EDIT indep_ajax/controllers/default.py: 0
[2014-09-16 11:36:24] EDIT indep_ajax/controllers/default.py: 0
[2014-09-16 11:36:47] EDIT indep_ajax/controllers/default.py: 0
[2014-09-16 11:37:13] EDIT indep_ajax/controllers/default.py: 0
[2014-09-16 11:37:21] EDIT indep_ajax/controllers/default.py: 0
[2014-09-16 11:39:03] EDIT indep_ajax/controllers/default.py: 0
[2014-09-16 11:52:33] EDIT indep_ajax/controllers/default.py: 0
[2014-09-16 11:54:44] EDIT indep_ajax/views/default/show_ajax.html: 3
[2014-09-16 11:55:51] EDIT indep_ajax/views/default/show_ajax.html: 0
[2014-09-16 11:57:26] EDIT indep_ajax/views/default/show_ajax.html: 0
[2014-09-16 11:59:10] EDIT indep_ajax/controllers/default.py: 0
[2014-09-16 12:01:12] EDIT indep_ajax/controllers/default.py: 0
[2014-09-16 12:02:54] EDIT indep_ajax/controllers/default.py: 0
[2014-09-16 12:04:07] EDIT indep_ajax/controllers/default.py: 0
[2014-09-16 12:05:51] EDIT indep_ajax/controllers/default.py: 0
[2014-09-16 12:06:46] EDIT indep_ajax/controllers/default.py: 0
[2014-09-16 12:07:48] EDIT indep_ajax/controllers/default.py: 0
[2014-09-16 12:09:15] EDIT indep_ajax/controllers/default.py: 0
[2014-09-16 12:09:21] EDIT indep_ajax/views/default/show_ajax.html: 0
[2014-09-16 12:12:15] EDIT indep_ajax/controllers/default.py: 0
[2014-09-16 12:12:19] EDIT indep_ajax/controllers/default.py: 0
[2014-09-16 12:12:38] EDIT indep_ajax/controllers/default.py: 0
[2014-09-16 12:13:01] EDIT indep_ajax/controllers/default.py: 0
[2014-09-16 12:15:24] EDIT indep_ajax/views/default/show_ajax.html: 1
[2014-09-16 12:16:16] EDIT indep_ajax/views/default/show_ajax.html: 0
[2014-09-16 12:19:34] EDIT indep_ajax/views/default/show_ajax.html: 2
[2014-09-16 12:19:49] EDIT indep_ajax/controllers/default.py: 0
[2014-09-16 12:20:49] EDIT indep_ajax/controllers/default.py: 0
[2014-09-16 12:21:00] EDIT indep_ajax/views/default/show_ajax.html: 0
[2014-09-16 12:21:54] EDIT indep_ajax/views/default/show_ajax.html: 0
[2014-09-16 12:22:10] EDIT indep_ajax/controllers/default.py: 0
[2014-09-16 12:22:45] EDIT indep_ajax/views/default/show_ajax.html: 0
[2014-09-16 12:23:07] EDIT indep_ajax/controllers/default.py: 0
[2014-09-16 12:23:34] EDIT indep_ajax/views/default/show_ajax.html: 0
[2014-09-16 12:24:22] EDIT indep_ajax/controllers/default.py: 0
[2014-09-16 12:25:51] EDIT indep_ajax/controllers/default.py: 0
[2014-09-16 12:26:53] EDIT indep_ajax/controllers/default.py: 0
[2014-09-16 12:28:04] EDIT indep_ajax/views/default/show_ajax.html: 0
[2014-09-16 12:29:41] EDIT indep_ajax/views/default/show_ajax.html: 2
[2014-09-16 12:31:14] EDIT indep_ajax/controllers/default.py: 0
[2014-09-16 12:31:36] EDIT indep_ajax/controllers/default.py: 0
[2014-09-16 12:34:02] EDIT indep_ajax/views/default/show_ajax.html: -1
[2014-09-16 12:37:09] EDIT indep_ajax/views/default/show_ajax.html: 3
[2014-09-16 12:37:54] EDIT indep_ajax/views/default/show_ajax.html: 1
[2014-09-16 12:42:09] EDIT indep_ajax/views/default/show_ajax.html: 3
[2014-09-16 12:42:48] EDIT indep_ajax/views/default/show_ajax.html: 1
[2014-09-16 12:45:20] EDIT indep_ajax/views/default/show_ajax.html: 0
[2014-09-16 12:46:12] EDIT indep_ajax/views/default/show_ajax.html: 0
[2014-09-16 12:46:46] EDIT indep_ajax/views/default/show_ajax.html: 1
[2014-09-16 12:47:10] EDIT indep_ajax/views/default/show_ajax.html: 0
[2014-09-16 12:47:47] EDIT indep_ajax/views/default/show_ajax.html: 0
[2014-09-16 12:49:19] EDIT indep_ajax/views/default/show_ajax.html: 0
[2014-09-16 12:49:56] EDIT indep_ajax/views/default/show_ajax.html: 0
[2014-09-16 12:50:41] EDIT indep_ajax/views/default/show_ajax.html: -1
[2014-09-16 14:04:36] EDIT indep_ajax/views/default/show_ajax.html: 1
[2014-09-16 14:06:32] EDIT indep_ajax/views/default/show_ajax.html: 0
[2014-09-16 14:10:38] EDIT indep_ajax/controllers/default.py: 0
[2014-09-16 14:11:56] EDIT indep_ajax/views/default/show_ajax.html: 2
[2014-09-16 14:15:22] EDIT indep_ajax/controllers/default.py: 0
[2014-09-16 14:15:27] EDIT indep_ajax/views/default/show_ajax.html: 0
[2014-09-16 14:16:17] EDIT indep_ajax/controllers/default.py: 0
[2014-09-16 14:17:30] EDIT indep_ajax/controllers/default.py: 0
[2014-09-16 14:18:42] EDIT indep_ajax/controllers/default.py: 0
[2014-09-16 14:20:29] EDIT indep_ajax/controllers/default.py: 0
[2014-09-16 14:23:39] EDIT indep_ajax/controllers/default.py: 0
[2014-09-16 14:25:56] EDIT indep_ajax/controllers/default.py: 0
[2014-09-16 14:26:10] EDIT indep_ajax/controllers/default.py: 0
[2014-09-16 14:27:41] EDIT indep_ajax/views/default/show_ajax.html: 1
[2014-09-16 14:31:53] EDIT indep_ajax/views/default/show_ajax.html: 0
[2014-09-16 14:32:15] EDIT indep_ajax/views/default/show_ajax.html: 0
[2014-09-16 14:32:38] EDIT indep_ajax/views/default/show_ajax.html: 0
[2014-09-16 15:52:07] EDIT indep_ajax/controllers/default.py: 3
[2014-09-16 15:52:48] CREATE default/get_member.html: 0
[2014-09-16 15:57:53] EDIT indep_ajax/views/default/show_ajax.html: 1
[2014-09-16 15:59:49] EDIT indep_ajax/controllers/default.py: 2
[2014-09-16 16:05:22] EDIT indep_ajax/controllers/default.py: 0
[2014-09-16 16:05:27] EDIT indep_ajax/views/default/show_ajax.html: 0
[2014-09-16 16:06:25] EDIT indep_ajax/views/default/show_ajax.html: 0
[2014-09-16 16:06:30] EDIT indep_ajax/views/default/show_ajax.html: 0
[2014-09-16 16:08:39] EDIT indep_ajax/views/default/show_ajax.html: 0
[2014-09-16 16:10:36] EDIT indep_ajax/controllers/default.py: 0
[2014-09-16 16:11:38] EDIT indep_ajax/controllers/default.py: 0
[2014-09-16 16:13:27] EDIT indep_ajax/views/default/show_ajax.html: 0
[2014-09-17 11:01:42] EDIT indep_ajax/views/default/show_ajax.html: 0
[2014-09-17 14:29:23] EDIT indep_ajax/views/default/show_ajax.html: 0
[2014-09-17 14:30:46] EDIT indep_ajax/views/default/show_ajax.html: -4
